{"/Users/hamuchan214/Documents/GitHub/ShigakouBOT/src/services/discordService.ts": {"path":"/Users/hamuchan214/Documents/GitHub/ShigakouBOT/src/services/discordService.ts","all":false,"statementMap":{"0":{"start":{"line":1,"column":0},"end":{"line":1,"column":101}},"1":{"start":{"line":2,"column":0},"end":{"line":2,"column":37}},"2":{"start":{"line":3,"column":0},"end":{"line":3,"column":0}},"3":{"start":{"line":4,"column":0},"end":{"line":4,"column":29}},"4":{"start":{"line":5,"column":0},"end":{"line":5,"column":25}},"5":{"start":{"line":6,"column":0},"end":{"line":6,"column":28}},"6":{"start":{"line":7,"column":0},"end":{"line":7,"column":0}},"7":{"start":{"line":8,"column":0},"end":{"line":8,"column":17}},"8":{"start":{"line":9,"column":0},"end":{"line":9,"column":30}},"9":{"start":{"line":10,"column":0},"end":{"line":10,"column":61}},"10":{"start":{"line":11,"column":0},"end":{"line":11,"column":7}},"11":{"start":{"line":12,"column":0},"end":{"line":12,"column":58}},"12":{"start":{"line":13,"column":0},"end":{"line":13,"column":3}},"13":{"start":{"line":14,"column":0},"end":{"line":14,"column":0}},"14":{"start":{"line":15,"column":0},"end":{"line":15,"column":37}},"15":{"start":{"line":16,"column":0},"end":{"line":16,"column":45}},"16":{"start":{"line":17,"column":0},"end":{"line":17,"column":39}},"17":{"start":{"line":18,"column":0},"end":{"line":18,"column":73}},"18":{"start":{"line":19,"column":0},"end":{"line":19,"column":18}},"19":{"start":{"line":20,"column":0},"end":{"line":20,"column":9}},"20":{"start":{"line":21,"column":0},"end":{"line":21,"column":0}},"21":{"start":{"line":22,"column":0},"end":{"line":22,"column":42}},"22":{"start":{"line":23,"column":0},"end":{"line":23,"column":54}},"23":{"start":{"line":24,"column":0},"end":{"line":24,"column":22}},"24":{"start":{"line":25,"column":0},"end":{"line":25,"column":9}},"25":{"start":{"line":26,"column":0},"end":{"line":26,"column":0}},"26":{"start":{"line":27,"column":0},"end":{"line":27,"column":51}},"27":{"start":{"line":28,"column":0},"end":{"line":28,"column":7}},"28":{"start":{"line":29,"column":0},"end":{"line":29,"column":3}},"29":{"start":{"line":30,"column":0},"end":{"line":30,"column":0}},"30":{"start":{"line":31,"column":0},"end":{"line":31,"column":64}},"31":{"start":{"line":32,"column":0},"end":{"line":32,"column":54}},"32":{"start":{"line":33,"column":0},"end":{"line":33,"column":21}},"33":{"start":{"line":34,"column":0},"end":{"line":34,"column":22}},"34":{"start":{"line":35,"column":0},"end":{"line":35,"column":19}},"35":{"start":{"line":36,"column":0},"end":{"line":36,"column":61}},"36":{"start":{"line":37,"column":0},"end":{"line":37,"column":5}},"37":{"start":{"line":38,"column":0},"end":{"line":38,"column":0}},"38":{"start":{"line":39,"column":0},"end":{"line":39,"column":47}},"39":{"start":{"line":40,"column":0},"end":{"line":40,"column":27}},"40":{"start":{"line":41,"column":0},"end":{"line":41,"column":21}},"41":{"start":{"line":42,"column":0},"end":{"line":42,"column":75}},"42":{"start":{"line":43,"column":0},"end":{"line":43,"column":82}},"43":{"start":{"line":44,"column":0},"end":{"line":44,"column":35}},"44":{"start":{"line":45,"column":0},"end":{"line":45,"column":9}},"45":{"start":{"line":46,"column":0},"end":{"line":46,"column":35}},"46":{"start":{"line":47,"column":0},"end":{"line":47,"column":5}},"47":{"start":{"line":48,"column":0},"end":{"line":48,"column":0}},"48":{"start":{"line":49,"column":0},"end":{"line":49,"column":64}},"49":{"start":{"line":50,"column":0},"end":{"line":50,"column":0}},"50":{"start":{"line":51,"column":0},"end":{"line":51,"column":65}},"51":{"start":{"line":52,"column":0},"end":{"line":52,"column":3}},"52":{"start":{"line":53,"column":0},"end":{"line":53,"column":0}},"53":{"start":{"line":54,"column":0},"end":{"line":54,"column":60}},"54":{"start":{"line":55,"column":0},"end":{"line":55,"column":36}},"55":{"start":{"line":56,"column":0},"end":{"line":56,"column":46}},"56":{"start":{"line":57,"column":0},"end":{"line":57,"column":107}},"57":{"start":{"line":58,"column":0},"end":{"line":58,"column":25}},"58":{"start":{"line":59,"column":0},"end":{"line":59,"column":17}},"59":{"start":{"line":60,"column":0},"end":{"line":60,"column":58}},"60":{"start":{"line":61,"column":0},"end":{"line":61,"column":54}},"61":{"start":{"line":62,"column":0},"end":{"line":62,"column":57}},"62":{"start":{"line":63,"column":0},"end":{"line":63,"column":7}},"63":{"start":{"line":64,"column":0},"end":{"line":64,"column":22}},"64":{"start":{"line":65,"column":0},"end":{"line":65,"column":0}},"65":{"start":{"line":66,"column":0},"end":{"line":66,"column":17}},"66":{"start":{"line":67,"column":0},"end":{"line":67,"column":3}},"67":{"start":{"line":68,"column":0},"end":{"line":68,"column":0}},"68":{"start":{"line":69,"column":0},"end":{"line":69,"column":37}},"69":{"start":{"line":70,"column":0},"end":{"line":70,"column":32}},"70":{"start":{"line":71,"column":0},"end":{"line":71,"column":3}},"71":{"start":{"line":72,"column":0},"end":{"line":72,"column":1}}},"s":{"0":1,"1":1,"2":1,"3":1,"4":1,"5":1,"6":1,"7":1,"8":0,"9":0,"10":0,"11":0,"12":0,"13":1,"14":1,"15":0,"16":0,"17":0,"18":0,"19":0,"20":0,"21":0,"22":0,"23":0,"24":0,"25":0,"26":0,"27":0,"28":0,"29":1,"30":1,"31":0,"32":0,"33":0,"34":0,"35":0,"36":0,"37":0,"38":0,"39":0,"40":0,"41":0,"42":0,"43":0,"44":0,"45":0,"46":0,"47":0,"48":0,"49":0,"50":0,"51":0,"52":1,"53":1,"54":0,"55":0,"56":0,"57":0,"58":0,"59":0,"60":0,"61":0,"62":0,"63":0,"64":0,"65":0,"66":0,"67":1,"68":1,"69":0,"70":0,"71":1},"branchMap":{},"b":{},"fnMap":{"0":{"name":"DiscordService","decl":{"start":{"line":8,"column":2},"end":{"line":13,"column":3}},"loc":{"start":{"line":8,"column":2},"end":{"line":13,"column":3}},"line":8},"1":{"name":"initialize","decl":{"start":{"line":15,"column":2},"end":{"line":29,"column":3}},"loc":{"start":{"line":15,"column":2},"end":{"line":29,"column":3}},"line":15},"2":{"name":"sendEmailNotification","decl":{"start":{"line":31,"column":2},"end":{"line":52,"column":3}},"loc":{"start":{"line":31,"column":2},"end":{"line":52,"column":3}},"line":31},"3":{"name":"createEmailEmbed","decl":{"start":{"line":54,"column":10},"end":{"line":67,"column":3}},"loc":{"start":{"line":54,"column":10},"end":{"line":67,"column":3}},"line":54},"4":{"name":"disconnect","decl":{"start":{"line":69,"column":2},"end":{"line":71,"column":3}},"loc":{"start":{"line":69,"column":2},"end":{"line":71,"column":3}},"line":69}},"f":{"0":0,"1":0,"2":0,"3":0,"4":0}}
,"/Users/hamuchan214/Documents/GitHub/ShigakouBOT/src/services/emailForwarder.ts": {"path":"/Users/hamuchan214/Documents/GitHub/ShigakouBOT/src/services/emailForwarder.ts","all":false,"statementMap":{"0":{"start":{"line":1,"column":0},"end":{"line":1,"column":44}},"1":{"start":{"line":2,"column":0},"end":{"line":2,"column":50}},"2":{"start":{"line":3,"column":0},"end":{"line":3,"column":37}},"3":{"start":{"line":4,"column":0},"end":{"line":4,"column":50}},"4":{"start":{"line":5,"column":0},"end":{"line":5,"column":55}},"5":{"start":{"line":6,"column":0},"end":{"line":6,"column":0}},"6":{"start":{"line":7,"column":0},"end":{"line":7,"column":87}},"7":{"start":{"line":8,"column":0},"end":{"line":8,"column":33}},"8":{"start":{"line":9,"column":0},"end":{"line":9,"column":31}},"9":{"start":{"line":10,"column":0},"end":{"line":10,"column":47}},"10":{"start":{"line":11,"column":0},"end":{"line":11,"column":3}},"11":{"start":{"line":12,"column":0},"end":{"line":12,"column":22}},"12":{"start":{"line":13,"column":0},"end":{"line":13,"column":1}},"13":{"start":{"line":14,"column":0},"end":{"line":14,"column":0}},"14":{"start":{"line":15,"column":0},"end":{"line":15,"column":55}},"15":{"start":{"line":16,"column":0},"end":{"line":16,"column":10}},"16":{"start":{"line":17,"column":0},"end":{"line":17,"column":103}},"17":{"start":{"line":18,"column":0},"end":{"line":18,"column":44}},"18":{"start":{"line":19,"column":0},"end":{"line":19,"column":36}},"19":{"start":{"line":20,"column":0},"end":{"line":20,"column":32}},"20":{"start":{"line":21,"column":0},"end":{"line":21,"column":63}},"21":{"start":{"line":22,"column":0},"end":{"line":22,"column":12}},"22":{"start":{"line":23,"column":0},"end":{"line":23,"column":43}},"23":{"start":{"line":24,"column":0},"end":{"line":24,"column":57}},"24":{"start":{"line":25,"column":0},"end":{"line":25,"column":53}},"25":{"start":{"line":26,"column":0},"end":{"line":26,"column":4}},"26":{"start":{"line":27,"column":0},"end":{"line":27,"column":1}},"27":{"start":{"line":28,"column":0},"end":{"line":28,"column":0}},"28":{"start":{"line":29,"column":0},"end":{"line":29,"column":51}},"29":{"start":{"line":30,"column":0},"end":{"line":30,"column":42}},"30":{"start":{"line":31,"column":0},"end":{"line":31,"column":35}},"31":{"start":{"line":32,"column":0},"end":{"line":32,"column":41}},"32":{"start":{"line":33,"column":0},"end":{"line":33,"column":51}},"33":{"start":{"line":34,"column":0},"end":{"line":34,"column":30}},"34":{"start":{"line":35,"column":0},"end":{"line":35,"column":0}},"35":{"start":{"line":36,"column":0},"end":{"line":36,"column":75}},"36":{"start":{"line":37,"column":0},"end":{"line":37,"column":56}},"37":{"start":{"line":38,"column":0},"end":{"line":38,"column":65}},"38":{"start":{"line":39,"column":0},"end":{"line":39,"column":36}},"39":{"start":{"line":40,"column":0},"end":{"line":40,"column":3}},"40":{"start":{"line":41,"column":0},"end":{"line":41,"column":0}},"41":{"start":{"line":42,"column":0},"end":{"line":42,"column":37}},"42":{"start":{"line":43,"column":0},"end":{"line":43,"column":37}},"43":{"start":{"line":44,"column":0},"end":{"line":44,"column":43}},"44":{"start":{"line":45,"column":0},"end":{"line":45,"column":36}},"45":{"start":{"line":46,"column":0},"end":{"line":46,"column":3}},"46":{"start":{"line":47,"column":0},"end":{"line":47,"column":0}},"47":{"start":{"line":48,"column":0},"end":{"line":48,"column":34}},"48":{"start":{"line":49,"column":0},"end":{"line":49,"column":9}},"49":{"start":{"line":50,"column":0},"end":{"line":50,"column":43}},"50":{"start":{"line":51,"column":0},"end":{"line":51,"column":59}},"51":{"start":{"line":52,"column":0},"end":{"line":52,"column":0}},"52":{"start":{"line":53,"column":0},"end":{"line":53,"column":77}},"53":{"start":{"line":54,"column":0},"end":{"line":54,"column":0}},"54":{"start":{"line":55,"column":0},"end":{"line":55,"column":72}},"55":{"start":{"line":56,"column":0},"end":{"line":56,"column":0}},"56":{"start":{"line":57,"column":0},"end":{"line":57,"column":34}},"57":{"start":{"line":58,"column":0},"end":{"line":58,"column":48}},"58":{"start":{"line":59,"column":0},"end":{"line":59,"column":0}},"59":{"start":{"line":60,"column":0},"end":{"line":60,"column":53}},"60":{"start":{"line":61,"column":0},"end":{"line":61,"column":19}},"61":{"start":{"line":62,"column":0},"end":{"line":62,"column":9}},"62":{"start":{"line":63,"column":0},"end":{"line":63,"column":0}},"63":{"start":{"line":64,"column":0},"end":{"line":64,"column":62}},"64":{"start":{"line":65,"column":0},"end":{"line":65,"column":0}},"65":{"start":{"line":66,"column":0},"end":{"line":66,"column":67}},"66":{"start":{"line":67,"column":0},"end":{"line":67,"column":0}},"67":{"start":{"line":68,"column":0},"end":{"line":68,"column":47}},"68":{"start":{"line":69,"column":0},"end":{"line":69,"column":0}},"69":{"start":{"line":70,"column":0},"end":{"line":70,"column":47}},"70":{"start":{"line":71,"column":0},"end":{"line":71,"column":70}},"71":{"start":{"line":72,"column":0},"end":{"line":72,"column":25}},"72":{"start":{"line":73,"column":0},"end":{"line":73,"column":50}},"73":{"start":{"line":74,"column":0},"end":{"line":74,"column":11}},"74":{"start":{"line":75,"column":0},"end":{"line":75,"column":9}},"75":{"start":{"line":76,"column":0},"end":{"line":76,"column":7}},"76":{"start":{"line":77,"column":0},"end":{"line":77,"column":0}},"77":{"start":{"line":78,"column":0},"end":{"line":78,"column":30}},"78":{"start":{"line":79,"column":0},"end":{"line":79,"column":63}},"79":{"start":{"line":80,"column":0},"end":{"line":80,"column":14}},"80":{"start":{"line":81,"column":0},"end":{"line":81,"column":43}},"81":{"start":{"line":82,"column":0},"end":{"line":82,"column":7}},"82":{"start":{"line":83,"column":0},"end":{"line":83,"column":21}},"83":{"start":{"line":84,"column":0},"end":{"line":84,"column":53}},"84":{"start":{"line":85,"column":0},"end":{"line":85,"column":5}},"85":{"start":{"line":86,"column":0},"end":{"line":86,"column":3}},"86":{"start":{"line":87,"column":0},"end":{"line":87,"column":0}},"87":{"start":{"line":88,"column":0},"end":{"line":88,"column":35}},"88":{"start":{"line":89,"column":0},"end":{"line":89,"column":34}},"89":{"start":{"line":90,"column":0},"end":{"line":90,"column":43}},"90":{"start":{"line":91,"column":0},"end":{"line":91,"column":3}},"91":{"start":{"line":92,"column":0},"end":{"line":92,"column":0}},"92":{"start":{"line":93,"column":0},"end":{"line":93,"column":18}},"93":{"start":{"line":94,"column":0},"end":{"line":94,"column":48}},"94":{"start":{"line":95,"column":0},"end":{"line":95,"column":26}},"95":{"start":{"line":96,"column":0},"end":{"line":96,"column":3}},"96":{"start":{"line":97,"column":0},"end":{"line":97,"column":1}}},"s":{"0":1,"1":1,"2":1,"3":1,"4":1,"5":1,"6":8,"7":8,"8":8,"9":0,"10":0,"11":8,"12":8,"13":1,"14":4,"15":4,"16":4,"17":4,"18":4,"19":4,"20":4,"21":4,"22":4,"23":4,"24":4,"25":4,"26":4,"27":1,"28":1,"29":1,"30":1,"31":1,"32":1,"33":1,"34":1,"35":1,"36":5,"37":5,"38":5,"39":5,"40":1,"41":1,"42":1,"43":1,"44":1,"45":1,"46":1,"47":1,"48":4,"49":4,"50":4,"51":4,"52":4,"53":4,"54":4,"55":3,"56":4,"57":4,"58":4,"59":4,"60":1,"61":1,"62":3,"63":3,"64":3,"65":3,"66":3,"67":3,"68":3,"69":4,"70":0,"71":0,"72":0,"73":0,"74":0,"75":4,"76":3,"77":3,"78":3,"79":4,"80":0,"81":0,"82":4,"83":1,"84":1,"85":4,"86":1,"87":1,"88":1,"89":1,"90":1,"91":1,"92":1,"93":1,"94":0,"95":0,"96":1},"branchMap":{"0":{"type":"branch","line":7,"loc":{"start":{"line":7,"column":0},"end":{"line":13,"column":1}},"locations":[{"start":{"line":7,"column":0},"end":{"line":13,"column":1}}]},"1":{"type":"branch","line":8,"loc":{"start":{"line":8,"column":16},"end":{"line":8,"column":33}},"locations":[{"start":{"line":8,"column":16},"end":{"line":8,"column":33}}]},"2":{"type":"branch","line":9,"loc":{"start":{"line":9,"column":30},"end":{"line":11,"column":3}},"locations":[{"start":{"line":9,"column":30},"end":{"line":11,"column":3}}]},"3":{"type":"branch","line":15,"loc":{"start":{"line":15,"column":0},"end":{"line":27,"column":1}},"locations":[{"start":{"line":15,"column":0},"end":{"line":27,"column":1}}]},"4":{"type":"branch","line":17,"loc":{"start":{"line":17,"column":22},"end":{"line":17,"column":50}},"locations":[{"start":{"line":17,"column":22},"end":{"line":17,"column":50}}]},"5":{"type":"branch","line":18,"loc":{"start":{"line":18,"column":25},"end":{"line":18,"column":43}},"locations":[{"start":{"line":18,"column":25},"end":{"line":18,"column":43}}]},"6":{"type":"branch","line":21,"loc":{"start":{"line":21,"column":34},"end":{"line":21,"column":62}},"locations":[{"start":{"line":21,"column":34},"end":{"line":21,"column":62}}]},"7":{"type":"branch","line":23,"loc":{"start":{"line":23,"column":16},"end":{"line":23,"column":22}},"locations":[{"start":{"line":23,"column":16},"end":{"line":23,"column":22}}]},"8":{"type":"branch","line":24,"loc":{"start":{"line":24,"column":51},"end":{"line":24,"column":55}},"locations":[{"start":{"line":24,"column":51},"end":{"line":24,"column":55}}]},"9":{"type":"branch","line":25,"loc":{"start":{"line":25,"column":19},"end":{"line":25,"column":32}},"locations":[{"start":{"line":25,"column":19},"end":{"line":25,"column":32}}]},"10":{"type":"branch","line":36,"loc":{"start":{"line":36,"column":2},"end":{"line":40,"column":3}},"locations":[{"start":{"line":36,"column":2},"end":{"line":40,"column":3}}]},"11":{"type":"branch","line":37,"loc":{"start":{"line":37,"column":34},"end":{"line":37,"column":55}},"locations":[{"start":{"line":37,"column":34},"end":{"line":37,"column":55}}]},"12":{"type":"branch","line":38,"loc":{"start":{"line":38,"column":40},"end":{"line":38,"column":64}},"locations":[{"start":{"line":38,"column":40},"end":{"line":38,"column":64}}]},"13":{"type":"branch","line":42,"loc":{"start":{"line":42,"column":2},"end":{"line":46,"column":3}},"locations":[{"start":{"line":42,"column":2},"end":{"line":46,"column":3}}]},"14":{"type":"branch","line":48,"loc":{"start":{"line":48,"column":2},"end":{"line":86,"column":3}},"locations":[{"start":{"line":48,"column":2},"end":{"line":86,"column":3}}]},"15":{"type":"branch","line":56,"loc":{"start":{"line":56,"column":-1},"end":{"line":57,"column":33}},"locations":[{"start":{"line":56,"column":-1},"end":{"line":57,"column":33}}]},"16":{"type":"branch","line":60,"loc":{"start":{"line":60,"column":52},"end":{"line":62,"column":9}},"locations":[{"start":{"line":60,"column":52},"end":{"line":62,"column":9}}]},"17":{"type":"branch","line":63,"loc":{"start":{"line":63,"column":-1},"end":{"line":70,"column":46}},"locations":[{"start":{"line":63,"column":-1},"end":{"line":70,"column":46}}]},"18":{"type":"branch","line":70,"loc":{"start":{"line":70,"column":46},"end":{"line":75,"column":9}},"locations":[{"start":{"line":70,"column":46},"end":{"line":75,"column":9}}]},"19":{"type":"branch","line":77,"loc":{"start":{"line":77,"column":-1},"end":{"line":80,"column":7}},"locations":[{"start":{"line":77,"column":-1},"end":{"line":80,"column":7}}]},"20":{"type":"branch","line":80,"loc":{"start":{"line":80,"column":7},"end":{"line":82,"column":7}},"locations":[{"start":{"line":80,"column":7},"end":{"line":82,"column":7}}]},"21":{"type":"branch","line":83,"loc":{"start":{"line":83,"column":6},"end":{"line":85,"column":5}},"locations":[{"start":{"line":83,"column":6},"end":{"line":85,"column":5}}]},"22":{"type":"branch","line":88,"loc":{"start":{"line":88,"column":2},"end":{"line":91,"column":3}},"locations":[{"start":{"line":88,"column":2},"end":{"line":91,"column":3}}]}},"b":{"0":[8],"1":[0],"2":[0],"3":[4],"4":[0],"5":[0],"6":[0],"7":[0],"8":[0],"9":[0],"10":[5],"11":[0],"12":[0],"13":[1],"14":[4],"15":[3],"16":[1],"17":[3],"18":[0],"19":[3],"20":[0],"21":[1],"22":[1]},"fnMap":{"0":{"name":"getAddressText","decl":{"start":{"line":7,"column":0},"end":{"line":13,"column":1}},"loc":{"start":{"line":7,"column":0},"end":{"line":13,"column":1}},"line":7},"1":{"name":"mailToEmailData","decl":{"start":{"line":15,"column":0},"end":{"line":27,"column":1}},"loc":{"start":{"line":15,"column":0},"end":{"line":27,"column":1}},"line":15},"2":{"name":"EmailForwarder","decl":{"start":{"line":36,"column":2},"end":{"line":40,"column":3}},"loc":{"start":{"line":36,"column":2},"end":{"line":40,"column":3}},"line":36},"3":{"name":"initialize","decl":{"start":{"line":42,"column":2},"end":{"line":46,"column":3}},"loc":{"start":{"line":42,"column":2},"end":{"line":46,"column":3}},"line":42},"4":{"name":"execute","decl":{"start":{"line":48,"column":2},"end":{"line":86,"column":3}},"loc":{"start":{"line":48,"column":2},"end":{"line":86,"column":3}},"line":48},"5":{"name":"shutdown","decl":{"start":{"line":88,"column":2},"end":{"line":91,"column":3}},"loc":{"start":{"line":88,"column":2},"end":{"line":91,"column":3}},"line":88},"6":{"name":"checkAndForwardEmails","decl":{"start":{"line":94,"column":2},"end":{"line":96,"column":3}},"loc":{"start":{"line":94,"column":2},"end":{"line":96,"column":3}},"line":94}},"f":{"0":8,"1":4,"2":5,"3":1,"4":4,"5":1,"6":0}}
,"/Users/hamuchan214/Documents/GitHub/ShigakouBOT/src/services/imapService.ts": {"path":"/Users/hamuchan214/Documents/GitHub/ShigakouBOT/src/services/imapService.ts","all":false,"statementMap":{"0":{"start":{"line":1,"column":0},"end":{"line":1,"column":29}},"1":{"start":{"line":2,"column":0},"end":{"line":2,"column":54}},"2":{"start":{"line":3,"column":0},"end":{"line":3,"column":0}},"3":{"start":{"line":4,"column":0},"end":{"line":4,"column":26}},"4":{"start":{"line":5,"column":0},"end":{"line":5,"column":21}},"5":{"start":{"line":6,"column":0},"end":{"line":6,"column":0}},"6":{"start":{"line":7,"column":0},"end":{"line":7,"column":17}},"7":{"start":{"line":8,"column":0},"end":{"line":8,"column":26}},"8":{"start":{"line":9,"column":0},"end":{"line":9,"column":40}},"9":{"start":{"line":10,"column":0},"end":{"line":10,"column":48}},"10":{"start":{"line":11,"column":0},"end":{"line":11,"column":40}},"11":{"start":{"line":12,"column":0},"end":{"line":12,"column":57}},"12":{"start":{"line":13,"column":0},"end":{"line":13,"column":55}},"13":{"start":{"line":14,"column":0},"end":{"line":14,"column":19}},"14":{"start":{"line":15,"column":0},"end":{"line":15,"column":68}},"15":{"start":{"line":16,"column":0},"end":{"line":16,"column":8}},"16":{"start":{"line":17,"column":0},"end":{"line":17,"column":7}},"17":{"start":{"line":18,"column":0},"end":{"line":18,"column":3}},"18":{"start":{"line":19,"column":0},"end":{"line":19,"column":0}},"19":{"start":{"line":20,"column":0},"end":{"line":20,"column":35}},"20":{"start":{"line":21,"column":0},"end":{"line":21,"column":45}},"21":{"start":{"line":22,"column":0},"end":{"line":22,"column":37}},"22":{"start":{"line":23,"column":0},"end":{"line":23,"column":50}},"23":{"start":{"line":24,"column":0},"end":{"line":24,"column":18}},"24":{"start":{"line":25,"column":0},"end":{"line":25,"column":9}},"25":{"start":{"line":26,"column":0},"end":{"line":26,"column":0}},"26":{"start":{"line":27,"column":0},"end":{"line":27,"column":47}},"27":{"start":{"line":28,"column":0},"end":{"line":28,"column":53}},"28":{"start":{"line":29,"column":0},"end":{"line":29,"column":20}},"29":{"start":{"line":30,"column":0},"end":{"line":30,"column":9}},"30":{"start":{"line":31,"column":0},"end":{"line":31,"column":0}},"31":{"start":{"line":32,"column":0},"end":{"line":32,"column":26}},"32":{"start":{"line":33,"column":0},"end":{"line":33,"column":7}},"33":{"start":{"line":34,"column":0},"end":{"line":34,"column":3}},"34":{"start":{"line":35,"column":0},"end":{"line":35,"column":0}},"35":{"start":{"line":36,"column":0},"end":{"line":36,"column":29}},"36":{"start":{"line":37,"column":0},"end":{"line":37,"column":20}},"37":{"start":{"line":38,"column":0},"end":{"line":38,"column":42}},"38":{"start":{"line":39,"column":0},"end":{"line":39,"column":3}},"39":{"start":{"line":40,"column":0},"end":{"line":40,"column":0}},"40":{"start":{"line":41,"column":0},"end":{"line":41,"column":67}},"41":{"start":{"line":42,"column":0},"end":{"line":42,"column":45}},"42":{"start":{"line":43,"column":0},"end":{"line":43,"column":24}},"43":{"start":{"line":44,"column":0},"end":{"line":44,"column":42}},"44":{"start":{"line":45,"column":0},"end":{"line":45,"column":39}},"45":{"start":{"line":46,"column":0},"end":{"line":46,"column":23}},"46":{"start":{"line":47,"column":0},"end":{"line":47,"column":20}},"47":{"start":{"line":48,"column":0},"end":{"line":48,"column":31}},"48":{"start":{"line":49,"column":0},"end":{"line":49,"column":11}},"49":{"start":{"line":50,"column":0},"end":{"line":50,"column":0}},"50":{"start":{"line":51,"column":0},"end":{"line":51,"column":85}},"51":{"start":{"line":52,"column":0},"end":{"line":52,"column":28}},"52":{"start":{"line":53,"column":0},"end":{"line":53,"column":39}},"53":{"start":{"line":54,"column":0},"end":{"line":54,"column":13}},"54":{"start":{"line":55,"column":0},"end":{"line":55,"column":0}},"55":{"start":{"line":56,"column":0},"end":{"line":56,"column":36}},"56":{"start":{"line":57,"column":0},"end":{"line":57,"column":33}},"57":{"start":{"line":58,"column":0},"end":{"line":58,"column":13}},"58":{"start":{"line":59,"column":0},"end":{"line":59,"column":0}},"59":{"start":{"line":60,"column":0},"end":{"line":60,"column":44}},"60":{"start":{"line":61,"column":0},"end":{"line":61,"column":56}},"61":{"start":{"line":62,"column":0},"end":{"line":62,"column":17}},"62":{"start":{"line":63,"column":0},"end":{"line":63,"column":66}},"63":{"start":{"line":64,"column":0},"end":{"line":64,"column":0}},"64":{"start":{"line":65,"column":0},"end":{"line":65,"column":44}},"65":{"start":{"line":66,"column":0},"end":{"line":66,"column":44}},"66":{"start":{"line":67,"column":0},"end":{"line":67,"column":36}},"67":{"start":{"line":68,"column":0},"end":{"line":68,"column":0}},"68":{"start":{"line":69,"column":0},"end":{"line":69,"column":44}},"69":{"start":{"line":70,"column":0},"end":{"line":70,"column":56}},"70":{"start":{"line":71,"column":0},"end":{"line":71,"column":39}},"71":{"start":{"line":72,"column":0},"end":{"line":72,"column":48}},"72":{"start":{"line":73,"column":0},"end":{"line":73,"column":21}},"73":{"start":{"line":74,"column":0},"end":{"line":74,"column":19}},"74":{"start":{"line":75,"column":0},"end":{"line":75,"column":77}},"75":{"start":{"line":76,"column":0},"end":{"line":76,"column":41}},"76":{"start":{"line":77,"column":0},"end":{"line":77,"column":70}},"77":{"start":{"line":78,"column":0},"end":{"line":78,"column":64}},"78":{"start":{"line":79,"column":0},"end":{"line":79,"column":37}},"79":{"start":{"line":80,"column":0},"end":{"line":80,"column":72}},"80":{"start":{"line":81,"column":0},"end":{"line":81,"column":30}},"81":{"start":{"line":82,"column":0},"end":{"line":82,"column":44}},"82":{"start":{"line":83,"column":0},"end":{"line":83,"column":23}},"83":{"start":{"line":84,"column":0},"end":{"line":84,"column":38}},"84":{"start":{"line":85,"column":0},"end":{"line":85,"column":23}},"85":{"start":{"line":86,"column":0},"end":{"line":86,"column":21}},"86":{"start":{"line":87,"column":0},"end":{"line":87,"column":19}},"87":{"start":{"line":88,"column":0},"end":{"line":88,"column":53}},"88":{"start":{"line":89,"column":0},"end":{"line":89,"column":17}},"89":{"start":{"line":90,"column":0},"end":{"line":90,"column":0}},"90":{"start":{"line":91,"column":0},"end":{"line":91,"column":56}},"91":{"start":{"line":92,"column":0},"end":{"line":92,"column":58}},"92":{"start":{"line":93,"column":0},"end":{"line":93,"column":33}},"93":{"start":{"line":94,"column":0},"end":{"line":94,"column":17}},"94":{"start":{"line":95,"column":0},"end":{"line":95,"column":0}},"95":{"start":{"line":96,"column":0},"end":{"line":96,"column":45}},"96":{"start":{"line":97,"column":0},"end":{"line":97,"column":51}},"97":{"start":{"line":98,"column":0},"end":{"line":98,"column":59}},"98":{"start":{"line":99,"column":0},"end":{"line":99,"column":32}},"99":{"start":{"line":100,"column":0},"end":{"line":100,"column":17}},"100":{"start":{"line":101,"column":0},"end":{"line":101,"column":25}},"101":{"start":{"line":102,"column":0},"end":{"line":102,"column":24}},"102":{"start":{"line":103,"column":0},"end":{"line":103,"column":13}},"103":{"start":{"line":104,"column":0},"end":{"line":104,"column":13}},"104":{"start":{"line":105,"column":0},"end":{"line":105,"column":10}},"105":{"start":{"line":106,"column":0},"end":{"line":106,"column":8}},"106":{"start":{"line":107,"column":0},"end":{"line":107,"column":7}},"107":{"start":{"line":108,"column":0},"end":{"line":108,"column":3}},"108":{"start":{"line":109,"column":0},"end":{"line":109,"column":1}}},"s":{"0":1,"1":1,"2":1,"3":1,"4":1,"5":1,"6":1,"7":5,"8":5,"9":5,"10":5,"11":5,"12":5,"13":5,"14":5,"15":5,"16":5,"17":5,"18":1,"19":1,"20":4,"21":4,"22":4,"23":4,"24":4,"25":4,"26":4,"27":0,"28":0,"29":4,"30":4,"31":4,"32":4,"33":4,"34":1,"35":1,"36":1,"37":1,"38":1,"39":1,"40":1,"41":3,"42":3,"43":3,"44":3,"45":3,"46":3,"47":0,"48":0,"49":3,"50":3,"51":3,"52":0,"53":0,"54":3,"55":3,"56":1,"57":1,"58":2,"59":2,"60":2,"61":2,"62":2,"63":2,"64":2,"65":1,"66":1,"67":1,"68":1,"69":1,"70":1,"71":1,"72":1,"73":1,"74":1,"75":1,"76":1,"77":1,"78":1,"79":0,"80":1,"81":1,"82":1,"83":1,"84":1,"85":1,"86":1,"87":1,"88":2,"89":2,"90":2,"91":1,"92":1,"93":2,"94":2,"95":2,"96":1,"97":1,"98":1,"99":2,"100":3,"101":0,"102":0,"103":3,"104":3,"105":3,"106":3,"107":3,"108":1},"branchMap":{"0":{"type":"branch","line":7,"loc":{"start":{"line":7,"column":2},"end":{"line":18,"column":3}},"locations":[{"start":{"line":7,"column":2},"end":{"line":18,"column":3}}]},"1":{"type":"branch","line":9,"loc":{"start":{"line":9,"column":33},"end":{"line":9,"column":39}},"locations":[{"start":{"line":9,"column":33},"end":{"line":9,"column":39}}]},"2":{"type":"branch","line":10,"loc":{"start":{"line":10,"column":41},"end":{"line":10,"column":47}},"locations":[{"start":{"line":10,"column":41},"end":{"line":10,"column":47}}]},"3":{"type":"branch","line":11,"loc":{"start":{"line":11,"column":33},"end":{"line":11,"column":39}},"locations":[{"start":{"line":11,"column":33},"end":{"line":11,"column":39}}]},"4":{"type":"branch","line":12,"loc":{"start":{"line":12,"column":42},"end":{"line":12,"column":51}},"locations":[{"start":{"line":12,"column":42},"end":{"line":12,"column":51}}]},"5":{"type":"branch","line":13,"loc":{"start":{"line":13,"column":32},"end":{"line":13,"column":42}},"locations":[{"start":{"line":13,"column":32},"end":{"line":13,"column":42}}]},"6":{"type":"branch","line":20,"loc":{"start":{"line":20,"column":9},"end":{"line":34,"column":3}},"locations":[{"start":{"line":20,"column":9},"end":{"line":34,"column":3}}]},"7":{"type":"branch","line":21,"loc":{"start":{"line":21,"column":23},"end":{"line":33,"column":5}},"locations":[{"start":{"line":21,"column":23},"end":{"line":33,"column":5}}]},"8":{"type":"branch","line":22,"loc":{"start":{"line":22,"column":30},"end":{"line":25,"column":7}},"locations":[{"start":{"line":22,"column":30},"end":{"line":25,"column":7}}]},"9":{"type":"branch","line":36,"loc":{"start":{"line":36,"column":9},"end":{"line":39,"column":3}},"locations":[{"start":{"line":36,"column":9},"end":{"line":39,"column":3}}]},"10":{"type":"branch","line":41,"loc":{"start":{"line":41,"column":9},"end":{"line":108,"column":3}},"locations":[{"start":{"line":41,"column":9},"end":{"line":108,"column":3}}]},"11":{"type":"branch","line":42,"loc":{"start":{"line":42,"column":23},"end":{"line":107,"column":5}},"locations":[{"start":{"line":42,"column":23},"end":{"line":107,"column":5}}]},"12":{"type":"branch","line":44,"loc":{"start":{"line":44,"column":30},"end":{"line":44,"column":41}},"locations":[{"start":{"line":44,"column":30},"end":{"line":44,"column":41}}]},"13":{"type":"branch","line":46,"loc":{"start":{"line":46,"column":8},"end":{"line":105,"column":9}},"locations":[{"start":{"line":46,"column":8},"end":{"line":105,"column":9}}]},"14":{"type":"branch","line":47,"loc":{"start":{"line":47,"column":19},"end":{"line":49,"column":11}},"locations":[{"start":{"line":47,"column":19},"end":{"line":49,"column":11}}]},"15":{"type":"branch","line":51,"loc":{"start":{"line":51,"column":63},"end":{"line":104,"column":11}},"locations":[{"start":{"line":51,"column":63},"end":{"line":104,"column":11}}]},"16":{"type":"branch","line":52,"loc":{"start":{"line":52,"column":27},"end":{"line":54,"column":13}},"locations":[{"start":{"line":52,"column":27},"end":{"line":54,"column":13}}]},"17":{"type":"branch","line":56,"loc":{"start":{"line":56,"column":35},"end":{"line":58,"column":13}},"locations":[{"start":{"line":56,"column":35},"end":{"line":58,"column":13}}]},"18":{"type":"branch","line":59,"loc":{"start":{"line":59,"column":-1},"end":{"line":101,"column":21}},"locations":[{"start":{"line":59,"column":-1},"end":{"line":101,"column":21}}]},"19":{"type":"branch","line":101,"loc":{"start":{"line":101,"column":14},"end":{"line":103,"column":13}},"locations":[{"start":{"line":101,"column":14},"end":{"line":103,"column":13}}]},"20":{"type":"branch","line":65,"loc":{"start":{"line":65,"column":34},"end":{"line":89,"column":15}},"locations":[{"start":{"line":65,"column":34},"end":{"line":89,"column":15}}]},"21":{"type":"branch","line":69,"loc":{"start":{"line":69,"column":31},"end":{"line":74,"column":17}},"locations":[{"start":{"line":69,"column":31},"end":{"line":74,"column":17}}]},"22":{"type":"branch","line":70,"loc":{"start":{"line":70,"column":36},"end":{"line":73,"column":19}},"locations":[{"start":{"line":70,"column":36},"end":{"line":73,"column":19}}]},"23":{"type":"branch","line":75,"loc":{"start":{"line":75,"column":57},"end":{"line":87,"column":17}},"locations":[{"start":{"line":75,"column":57},"end":{"line":87,"column":17}}]},"24":{"type":"branch","line":76,"loc":{"start":{"line":76,"column":34},"end":{"line":86,"column":19}},"locations":[{"start":{"line":76,"column":34},"end":{"line":86,"column":19}}]},"25":{"type":"branch","line":78,"loc":{"start":{"line":78,"column":41},"end":{"line":85,"column":21}},"locations":[{"start":{"line":78,"column":41},"end":{"line":85,"column":21}}]},"26":{"type":"branch","line":79,"loc":{"start":{"line":79,"column":36},"end":{"line":81,"column":23}},"locations":[{"start":{"line":79,"column":36},"end":{"line":81,"column":23}}]},"27":{"type":"branch","line":91,"loc":{"start":{"line":91,"column":34},"end":{"line":94,"column":15}},"locations":[{"start":{"line":91,"column":34},"end":{"line":94,"column":15}}]},"28":{"type":"branch","line":96,"loc":{"start":{"line":96,"column":32},"end":{"line":100,"column":15}},"locations":[{"start":{"line":96,"column":32},"end":{"line":100,"column":15}}]}},"b":{"0":[5],"1":[0],"2":[0],"3":[0],"4":[0],"5":[0],"6":[4],"7":[4],"8":[4],"9":[1],"10":[3],"11":[3],"12":[0],"13":[3],"14":[0],"15":[3],"16":[0],"17":[1],"18":[2],"19":[0],"20":[1],"21":[1],"22":[1],"23":[1],"24":[1],"25":[1],"26":[0],"27":[1],"28":[1]},"fnMap":{"0":{"name":"ImapService","decl":{"start":{"line":7,"column":2},"end":{"line":18,"column":3}},"loc":{"start":{"line":7,"column":2},"end":{"line":18,"column":3}},"line":7},"1":{"name":"connect","decl":{"start":{"line":20,"column":9},"end":{"line":34,"column":3}},"loc":{"start":{"line":20,"column":9},"end":{"line":34,"column":3}},"line":20},"2":{"name":"disconnect","decl":{"start":{"line":36,"column":9},"end":{"line":39,"column":3}},"loc":{"start":{"line":36,"column":9},"end":{"line":39,"column":3}},"line":36},"3":{"name":"fetchEmailsSince","decl":{"start":{"line":41,"column":9},"end":{"line":108,"column":3}},"loc":{"start":{"line":41,"column":9},"end":{"line":108,"column":3}},"line":41}},"f":{"0":5,"1":4,"2":1,"3":3}}
}
