TN:
SF:src/services/discordService.ts
FN:8,(anonymous_0)
FN:15,(anonymous_1)
FN:16,(anonymous_2)
FN:17,(anonymous_3)
FN:22,(anonymous_4)
FN:31,(anonymous_5)
FN:43,(anonymous_6)
FN:58,(anonymous_7)
FNF:8
FNH:8
FNDA:7,(anonymous_0)
FNDA:5,(anonymous_1)
FNDA:5,(anonymous_2)
FNDA:4,(anonymous_3)
FNDA:1,(anonymous_4)
FNDA:3,(anonymous_5)
FNDA:3,(anonymous_6)
FNDA:1,(anonymous_7)
DA:1,3
DA:4,3
DA:9,7
DA:12,7
DA:16,5
DA:17,5
DA:18,4
DA:19,4
DA:22,5
DA:23,1
DA:24,1
DA:27,5
DA:32,3
DA:33,3
DA:34,1
DA:37,2
DA:38,2
DA:40,1
DA:44,3
DA:55,3
DA:59,1
LF:21
LH:21
BRDA:12,0,0,7
BRDA:12,0,1,0
BRDA:33,1,0,1
BRDA:46,2,0,0
BRDA:46,2,1,3
BRF:5
BRH:3
end_of_record
TN:
SF:src/services/emailForwarder.ts
FN:12,(anonymous_0)
FN:17,(anonymous_1)
FN:21,(anonymous_2)
FN:61,(anonymous_3)
FN:66,(anonymous_4)
FNF:5
FNH:4
FNDA:17,(anonymous_0)
FNDA:13,(anonymous_1)
FNDA:11,(anonymous_2)
FNDA:3,(anonymous_3)
FNDA:0,(anonymous_4)
DA:1,2
DA:2,2
DA:6,2
DA:7,17
DA:10,17
DA:13,17
DA:14,17
DA:18,13
DA:22,11
DA:23,11
DA:25,11
DA:27,9
DA:29,1112
DA:30,2
DA:33,1110
DA:36,1110
DA:39,1108
DA:42,1108
DA:43,100
DA:44,100
DA:45,100
DA:50,7
DA:51,6
DA:53,1
DA:57,4
DA:62,3
DA:67,0
LF:27
LH:26
BRDA:13,0,0,17
BRDA:13,0,1,0
BRDA:14,1,0,17
BRDA:14,1,1,0
BRDA:29,2,0,2
BRDA:42,3,0,100
BRDA:44,4,0,100
BRDA:50,5,0,6
BRDA:50,5,1,1
BRF:9
BRH:7
end_of_record
TN:
SF:src/services/featureManager.ts
FN:3,(anonymous_0)
FN:6,(anonymous_1)
FN:11,(anonymous_2)
FN:18,(anonymous_3)
FN:22,(anonymous_4)
FN:26,(anonymous_5)
FN:37,(anonymous_6)
FN:47,(anonymous_7)
FNF:8
FNH:8
FNDA:17,(anonymous_0)
FNDA:19,(anonymous_1)
FNDA:2,(anonymous_2)
FNDA:5,(anonymous_3)
FNDA:5,(anonymous_4)
FNDA:3,(anonymous_5)
FNDA:3,(anonymous_6)
FNDA:3,(anonymous_7)
DA:3,1
DA:4,17
DA:7,19
DA:8,19
DA:12,2
DA:13,1
DA:14,1
DA:19,5
DA:23,5
DA:27,3
DA:28,4
DA:29,4
DA:30,3
DA:32,1
DA:38,3
DA:39,4
DA:40,4
DA:42,1
DA:48,3
DA:49,4
DA:50,4
DA:51,3
DA:53,1
LF:23
LH:23
BRDA:12,0,0,1
BRF:1
BRH:1
end_of_record
TN:
SF:src/services/gmailService.ts
FN:9,(anonymous_0)
FN:13,(anonymous_1)
FN:26,(anonymous_2)
FN:92,(anonymous_3)
FN:108,(anonymous_4)
FN:110,(anonymous_5)
FN:111,(anonymous_6)
FN:112,(anonymous_7)
FN:113,(anonymous_8)
FN:119,(anonymous_9)
FN:139,(anonymous_10)
FN:148,(anonymous_11)
FN:163,(anonymous_12)
FN:170,(anonymous_13)
FN:189,(anonymous_14)
FNF:15
FNH:12
FNDA:11,(anonymous_0)
FNDA:11,(anonymous_1)
FNDA:3,(anonymous_2)
FNDA:2,(anonymous_3)
FNDA:2,(anonymous_4)
FNDA:2,(anonymous_5)
FNDA:4,(anonymous_6)
FNDA:6,(anonymous_7)
FNDA:8,(anonymous_8)
FNDA:0,(anonymous_9)
FNDA:0,(anonymous_10)
FNDA:2,(anonymous_11)
FNDA:0,(anonymous_12)
FNDA:4,(anonymous_13)
FNDA:5,(anonymous_14)
DA:1,3
DA:4,3
DA:6,11
DA:7,11
DA:10,11
DA:14,11
DA:19,11
DA:23,11
DA:27,3
DA:29,3
DA:30,3
DA:32,3
DA:33,0
DA:35,3
DA:38,3
DA:44,2
DA:46,2
DA:47,2
DA:49,2
DA:50,2
DA:51,2
DA:53,1
DA:54,1
DA:56,1
DA:58,1
DA:59,1
DA:60,1
DA:62,0
DA:66,0
DA:67,0
DA:69,0
DA:71,0
DA:72,0
DA:73,0
DA:75,0
DA:82,2
DA:83,2
DA:85,2
DA:87,1
DA:88,1
DA:93,2
DA:94,2
DA:100,2
DA:101,2
DA:103,0
DA:104,0
DA:109,2
DA:110,2
DA:111,4
DA:112,6
DA:113,8
DA:115,2
DA:116,2
DA:117,0
DA:118,2
DA:119,0
DA:120,0
DA:122,0
DA:123,0
DA:127,2
DA:140,0
DA:141,0
DA:143,0
DA:144,0
DA:149,2
DA:150,2
DA:158,1
DA:164,0
DA:165,0
DA:166,0
DA:171,4
DA:173,4
DA:176,4
DA:177,2
DA:178,2
DA:181,2
DA:183,0
DA:184,0
DA:190,5
DA:197,5
DA:198,5
DA:201,5
DA:202,67
DA:203,3
DA:208,2
DA:212,2
DA:213,12
DA:214,0
DA:218,2
LF:89
LH:63
BRDA:32,0,0,0
BRDA:32,0,1,3
BRDA:39,1,0,3
BRDA:39,1,1,0
BRDA:44,2,0,2
BRDA:44,2,1,1
BRDA:46,3,0,2
BRDA:46,3,1,0
BRDA:51,4,0,1
BRDA:51,5,0,2
BRDA:51,5,1,2
BRDA:56,6,0,1
BRDA:56,6,1,0
BRDA:58,7,0,1
BRDA:58,7,1,0
BRDA:71,8,0,0
BRDA:71,8,1,0
BRDA:95,9,0,2
BRDA:95,9,1,0
BRDA:110,10,0,2
BRDA:110,10,1,0
BRDA:111,11,0,2
BRDA:111,11,1,0
BRDA:112,12,0,2
BRDA:112,12,1,0
BRDA:113,13,0,2
BRDA:113,13,1,0
BRDA:116,14,0,0
BRDA:116,14,1,2
BRDA:118,15,0,0
BRDA:120,16,0,0
BRDA:120,16,1,0
BRDA:122,17,0,0
BRDA:134,18,0,2
BRDA:134,18,1,2
BRDA:151,19,0,2
BRDA:151,19,1,0
BRDA:176,20,0,2
BRDA:202,21,0,3
BRDA:213,22,0,0
BRF:40
BRH:21
end_of_record
