TN:
SF:src/services/discordService.ts
FN:8,DiscordService
FN:15,initialize
FN:31,sendEmailNotification
FN:54,createEmailEmbed
FN:69,disconnect
FNF:5
FNH:0
FNDA:0,DiscordService
FNDA:0,initialize
FNDA:0,sendEmailNotification
FNDA:0,createEmailEmbed
FNDA:0,disconnect
DA:1,1
DA:2,1
DA:3,1
DA:4,1
DA:5,1
DA:6,1
DA:7,1
DA:8,1
DA:9,0
DA:10,0
DA:11,0
DA:12,0
DA:13,0
DA:14,1
DA:15,1
DA:16,0
DA:17,0
DA:18,0
DA:19,0
DA:20,0
DA:21,0
DA:22,0
DA:23,0
DA:24,0
DA:25,0
DA:26,0
DA:27,0
DA:28,0
DA:29,0
DA:30,1
DA:31,1
DA:32,0
DA:33,0
DA:34,0
DA:35,0
DA:36,0
DA:37,0
DA:38,0
DA:39,0
DA:40,0
DA:41,0
DA:42,0
DA:43,0
DA:44,0
DA:45,0
DA:46,0
DA:47,0
DA:48,0
DA:49,0
DA:50,0
DA:51,0
DA:52,0
DA:53,1
DA:54,1
DA:55,0
DA:56,0
DA:57,0
DA:58,0
DA:59,0
DA:60,0
DA:61,0
DA:62,0
DA:63,0
DA:64,0
DA:65,0
DA:66,0
DA:67,0
DA:68,1
DA:69,1
DA:70,0
DA:71,0
DA:72,1
LF:72
LH:17
BRF:0
BRH:0
end_of_record
TN:
SF:src/services/emailForwarder.ts
FN:7,getAddressText
FN:15,mailToEmailData
FN:36,EmailForwarder
FN:42,initialize
FN:48,execute
FN:88,shutdown
FN:94,checkAndForwardEmails
FNF:7
FNH:6
FNDA:8,getAddressText
FNDA:4,mailToEmailData
FNDA:5,EmailForwarder
FNDA:1,initialize
FNDA:4,execute
FNDA:1,shutdown
FNDA:0,checkAndForwardEmails
DA:1,1
DA:2,1
DA:3,1
DA:4,1
DA:5,1
DA:6,1
DA:7,8
DA:8,8
DA:9,8
DA:10,0
DA:11,0
DA:12,8
DA:13,8
DA:14,1
DA:15,4
DA:16,4
DA:17,4
DA:18,4
DA:19,4
DA:20,4
DA:21,4
DA:22,4
DA:23,4
DA:24,4
DA:25,4
DA:26,4
DA:27,4
DA:28,1
DA:29,1
DA:30,1
DA:31,1
DA:32,1
DA:33,1
DA:34,1
DA:35,1
DA:36,1
DA:37,5
DA:38,5
DA:39,5
DA:40,5
DA:41,1
DA:42,1
DA:43,1
DA:44,1
DA:45,1
DA:46,1
DA:47,1
DA:48,1
DA:49,4
DA:50,4
DA:51,4
DA:52,4
DA:53,4
DA:54,4
DA:55,4
DA:56,3
DA:57,4
DA:58,4
DA:59,4
DA:60,4
DA:61,1
DA:62,1
DA:63,3
DA:64,3
DA:65,3
DA:66,3
DA:67,3
DA:68,3
DA:69,3
DA:70,4
DA:71,0
DA:72,0
DA:73,0
DA:74,0
DA:75,0
DA:76,4
DA:77,3
DA:78,3
DA:79,3
DA:80,4
DA:81,0
DA:82,0
DA:83,4
DA:84,1
DA:85,1
DA:86,4
DA:87,1
DA:88,1
DA:89,1
DA:90,1
DA:91,1
DA:92,1
DA:93,1
DA:94,1
DA:95,0
DA:96,0
DA:97,1
LF:97
LH:86
BRDA:7,0,0,8
BRDA:8,1,0,0
BRDA:9,2,0,0
BRDA:15,3,0,4
BRDA:17,4,0,0
BRDA:18,5,0,0
BRDA:21,6,0,0
BRDA:23,7,0,0
BRDA:24,8,0,0
BRDA:25,9,0,0
BRDA:36,10,0,5
BRDA:37,11,0,0
BRDA:38,12,0,0
BRDA:42,13,0,1
BRDA:48,14,0,4
BRDA:56,15,0,3
BRDA:60,16,0,1
BRDA:63,17,0,3
BRDA:70,18,0,0
BRDA:77,19,0,3
BRDA:80,20,0,0
BRDA:83,21,0,1
BRDA:88,22,0,1
BRF:23
BRH:11
end_of_record
TN:
SF:src/services/imapService.ts
FN:7,ImapService
FN:20,connect
FN:36,disconnect
FN:41,fetchEmailsSince
FNF:4
FNH:4
FNDA:5,ImapService
FNDA:4,connect
FNDA:1,disconnect
FNDA:3,fetchEmailsSince
DA:1,1
DA:2,1
DA:3,1
DA:4,1
DA:5,1
DA:6,1
DA:7,1
DA:8,5
DA:9,5
DA:10,5
DA:11,5
DA:12,5
DA:13,5
DA:14,5
DA:15,5
DA:16,5
DA:17,5
DA:18,5
DA:19,1
DA:20,1
DA:21,4
DA:22,4
DA:23,4
DA:24,4
DA:25,4
DA:26,4
DA:27,4
DA:28,0
DA:29,0
DA:30,4
DA:31,4
DA:32,4
DA:33,4
DA:34,4
DA:35,1
DA:36,1
DA:37,1
DA:38,1
DA:39,1
DA:40,1
DA:41,1
DA:42,3
DA:43,3
DA:44,3
DA:45,3
DA:46,3
DA:47,3
DA:48,0
DA:49,0
DA:50,3
DA:51,3
DA:52,3
DA:53,0
DA:54,0
DA:55,3
DA:56,3
DA:57,1
DA:58,1
DA:59,2
DA:60,2
DA:61,2
DA:62,2
DA:63,2
DA:64,2
DA:65,2
DA:66,1
DA:67,1
DA:68,1
DA:69,1
DA:70,1
DA:71,1
DA:72,1
DA:73,1
DA:74,1
DA:75,1
DA:76,1
DA:77,1
DA:78,1
DA:79,1
DA:80,0
DA:81,1
DA:82,1
DA:83,1
DA:84,1
DA:85,1
DA:86,1
DA:87,1
DA:88,1
DA:89,2
DA:90,2
DA:91,2
DA:92,1
DA:93,1
DA:94,2
DA:95,2
DA:96,2
DA:97,1
DA:98,1
DA:99,1
DA:100,2
DA:101,3
DA:102,0
DA:103,0
DA:104,3
DA:105,3
DA:106,3
DA:107,3
DA:108,3
DA:109,1
LF:109
LH:100
BRDA:7,0,0,5
BRDA:9,1,0,0
BRDA:10,2,0,0
BRDA:11,3,0,0
BRDA:12,4,0,0
BRDA:13,5,0,0
BRDA:20,6,0,4
BRDA:21,7,0,4
BRDA:22,8,0,4
BRDA:36,9,0,1
BRDA:41,10,0,3
BRDA:42,11,0,3
BRDA:44,12,0,0
BRDA:46,13,0,3
BRDA:47,14,0,0
BRDA:51,15,0,3
BRDA:52,16,0,0
BRDA:56,17,0,1
BRDA:59,18,0,2
BRDA:101,19,0,0
BRDA:65,20,0,1
BRDA:69,21,0,1
BRDA:70,22,0,1
BRDA:75,23,0,1
BRDA:76,24,0,1
BRDA:78,25,0,1
BRDA:79,26,0,0
BRDA:91,27,0,1
BRDA:96,28,0,1
BRF:29
BRH:19
end_of_record
